<?xml version="1.0" encoding="UTF-8"?>
<testng-results skipped="0" failed="1" ignored="0" total="6" passed="5">
  <reporter-output>
    <line>
      <![CDATA[welcome to testng]]>
    </line>
    <line>
      <![CDATA[open browser]]>
    </line>
    <line>
      <![CDATA[login]]>
    </line>
    <line>
      <![CDATA[create customer]]>
    </line>
    <line>
      <![CDATA[logout]]>
    </line>
    <line>
      <![CDATA[login]]>
    </line>
    <line>
      <![CDATA[delete customer]]>
    </line>
    <line>
      <![CDATA[logout]]>
    </line>
    <line>
      <![CDATA[login]]>
    </line>
    <line>
      <![CDATA[edit customer]]>
    </line>
    <line>
      <![CDATA[logout]]>
    </line>
    <line>
      <![CDATA[login]]>
    </line>
    <line>
      <![CDATA[register customer]]>
    </line>
    <line>
      <![CDATA[logout]]>
    </line>
    <line>
      <![CDATA[close browser]]>
    </line>
  </reporter-output>
  <suite name="Default suite" duration-ms="4699" started-at="2021-10-01T09:52:36 IST" finished-at="2021-10-01T09:52:41 IST">
    <groups>
    </groups>
    <test name="Default test" duration-ms="4699" started-at="2021-10-01T09:52:36 IST" finished-at="2021-10-01T09:52:41 IST">
      <class name="com.actitime.test.DemoTest">
        <test-method status="PASS" signature="testDemo()[pri:0, instance:com.actitime.test.DemoTest@28ac3dc3]" name="testDemo" duration-ms="20" started-at="2021-10-01T09:52:41 IST" finished-at="2021-10-01T09:52:41 IST">
          <reporter-output>
            <line>
              <![CDATA[welcome to testng]]>
            </line>
          </reporter-output>
        </test-method> <!-- testDemo -->
      </class> <!-- com.actitime.test.DemoTest -->
      <class name="practice_sept.CustromerModule">
        <test-method status="PASS" signature="openBrowser()[pri:0, instance:practice_sept.CustromerModule@eb21112]" name="openBrowser" is-config="true" duration-ms="40" started-at="2021-10-01T09:52:41 IST" finished-at="2021-10-01T09:52:41 IST">
          <reporter-output>
            <line>
              <![CDATA[open browser]]>
            </line>
          </reporter-output>
        </test-method> <!-- openBrowser -->
        <test-method status="PASS" signature="login()[pri:0, instance:practice_sept.CustromerModule@eb21112]" name="login" is-config="true" duration-ms="8" started-at="2021-10-01T09:52:41 IST" finished-at="2021-10-01T09:52:41 IST">
          <reporter-output>
            <line>
              <![CDATA[login]]>
            </line>
          </reporter-output>
        </test-method> <!-- login -->
        <test-method status="PASS" signature="createCustomer()[pri:0, instance:practice_sept.CustromerModule@eb21112]" name="createCustomer" duration-ms="0" started-at="2021-10-01T09:52:41 IST" finished-at="2021-10-01T09:52:41 IST">
          <reporter-output>
            <line>
              <![CDATA[create customer]]>
            </line>
          </reporter-output>
        </test-method> <!-- createCustomer -->
        <test-method status="PASS" signature="logout()[pri:0, instance:practice_sept.CustromerModule@eb21112]" name="logout" is-config="true" duration-ms="0" started-at="2021-10-01T09:52:41 IST" finished-at="2021-10-01T09:52:41 IST">
          <reporter-output>
            <line>
              <![CDATA[logout]]>
            </line>
          </reporter-output>
        </test-method> <!-- logout -->
        <test-method status="PASS" signature="login()[pri:0, instance:practice_sept.CustromerModule@eb21112]" name="login" is-config="true" duration-ms="0" started-at="2021-10-01T09:52:41 IST" finished-at="2021-10-01T09:52:41 IST">
          <reporter-output>
            <line>
              <![CDATA[login]]>
            </line>
          </reporter-output>
        </test-method> <!-- login -->
        <test-method status="PASS" signature="deleteCustomer()[pri:0, instance:practice_sept.CustromerModule@eb21112]" name="deleteCustomer" duration-ms="16" started-at="2021-10-01T09:52:41 IST" finished-at="2021-10-01T09:52:41 IST">
          <reporter-output>
            <line>
              <![CDATA[delete customer]]>
            </line>
          </reporter-output>
        </test-method> <!-- deleteCustomer -->
        <test-method status="PASS" signature="logout()[pri:0, instance:practice_sept.CustromerModule@eb21112]" name="logout" is-config="true" duration-ms="0" started-at="2021-10-01T09:52:41 IST" finished-at="2021-10-01T09:52:41 IST">
          <reporter-output>
            <line>
              <![CDATA[logout]]>
            </line>
          </reporter-output>
        </test-method> <!-- logout -->
        <test-method status="PASS" signature="login()[pri:0, instance:practice_sept.CustromerModule@eb21112]" name="login" is-config="true" duration-ms="0" started-at="2021-10-01T09:52:41 IST" finished-at="2021-10-01T09:52:41 IST">
          <reporter-output>
            <line>
              <![CDATA[login]]>
            </line>
          </reporter-output>
        </test-method> <!-- login -->
        <test-method status="PASS" signature="login()[pri:0, instance:practice_sept.CustromerModule@eb21112]" name="login" is-config="true" duration-ms="8" started-at="2021-10-01T09:52:41 IST" finished-at="2021-10-01T09:52:41 IST">
          <reporter-output>
            <line>
              <![CDATA[login]]>
            </line>
          </reporter-output>
        </test-method> <!-- login -->
        <test-method status="PASS" signature="editCustomer()[pri:0, instance:practice_sept.CustromerModule@eb21112]" name="editCustomer" duration-ms="0" started-at="2021-10-01T09:52:41 IST" finished-at="2021-10-01T09:52:41 IST">
          <reporter-output>
            <line>
              <![CDATA[edit customer]]>
            </line>
          </reporter-output>
        </test-method> <!-- editCustomer -->
        <test-method status="PASS" signature="logout()[pri:0, instance:practice_sept.CustromerModule@eb21112]" name="logout" is-config="true" duration-ms="0" started-at="2021-10-01T09:52:41 IST" finished-at="2021-10-01T09:52:41 IST">
          <reporter-output>
            <line>
              <![CDATA[logout]]>
            </line>
          </reporter-output>
        </test-method> <!-- logout -->
        <test-method status="PASS" signature="logout()[pri:0, instance:practice_sept.CustromerModule@eb21112]" name="logout" is-config="true" duration-ms="16" started-at="2021-10-01T09:52:41 IST" finished-at="2021-10-01T09:52:41 IST">
          <reporter-output>
            <line>
              <![CDATA[logout]]>
            </line>
          </reporter-output>
        </test-method> <!-- logout -->
        <test-method status="PASS" signature="registerCustomer()[pri:0, instance:practice_sept.CustromerModule@eb21112]" name="registerCustomer" duration-ms="0" started-at="2021-10-01T09:52:41 IST" finished-at="2021-10-01T09:52:41 IST">
          <reporter-output>
            <line>
              <![CDATA[register customer]]>
            </line>
          </reporter-output>
        </test-method> <!-- registerCustomer -->
        <test-method status="PASS" signature="closeBrowser()[pri:0, instance:practice_sept.CustromerModule@eb21112]" name="closeBrowser" is-config="true" duration-ms="0" started-at="2021-10-01T09:52:41 IST" finished-at="2021-10-01T09:52:41 IST">
          <reporter-output>
            <line>
              <![CDATA[close browser]]>
            </line>
          </reporter-output>
        </test-method> <!-- closeBrowser -->
      </class> <!-- practice_sept.CustromerModule -->
      <class name="takeScreenShot.ScreenShot">
        <test-method status="FAIL" signature="testScreenshot()[pri:0, instance:takeScreenShot.ScreenShot@7cbd213e]" name="testScreenshot" duration-ms="4462" started-at="2021-10-01T09:52:36 IST" finished-at="2021-10-01T09:52:41 IST">
          <exception class="org.openqa.selenium.WebDriverException">
            <message>
              <![CDATA[unknown error: net::ERR_INTERNET_DISCONNECTED
  (Session info: chrome=94.0.4606.61)
Build info: version: '3.141.59', revision: 'e82be7d358', time: '2018-11-14T08:25:53'
System info: host: 'SOHAN-PC', ip: '192.168.23.1', os.name: 'Windows 10', os.arch: 'amd64', os.version: '10.0', java.version: '1.8.0_301'
Driver info: org.openqa.selenium.chrome.ChromeDriver
Capabilities {acceptInsecureCerts: false, browserName: chrome, browserVersion: 94.0.4606.61, chrome: {chromedriverVersion: 93.0.4577.15 (660fc11082ba5..., userDataDir: C:\Users\SOHAN\AppData\Loca...}, goog:chromeOptions: {debuggerAddress: localhost:49655}, javascriptEnabled: true, networkConnectionEnabled: false, pageLoadStrategy: normal, platform: WINDOWS, platformName: WINDOWS, proxy: Proxy(), setWindowRect: true, strictFileInteractability: false, timeouts: {implicit: 0, pageLoad: 300000, script: 30000}, unhandledPromptBehavior: dismiss and notify, webauthn:extension:credBlob: true, webauthn:extension:largeBlob: true, webauthn:virtualAuthenticators: true}
Session ID: f64d6fdea66ddc44ef26fe6a47aecce1]]>
            </message>
            <full-stacktrace>
              <![CDATA[org.openqa.selenium.WebDriverException: unknown error: net::ERR_INTERNET_DISCONNECTED
  (Session info: chrome=94.0.4606.61)
Build info: version: '3.141.59', revision: 'e82be7d358', time: '2018-11-14T08:25:53'
System info: host: 'SOHAN-PC', ip: '192.168.23.1', os.name: 'Windows 10', os.arch: 'amd64', os.version: '10.0', java.version: '1.8.0_301'
Driver info: org.openqa.selenium.chrome.ChromeDriver
Capabilities {acceptInsecureCerts: false, browserName: chrome, browserVersion: 94.0.4606.61, chrome: {chromedriverVersion: 93.0.4577.15 (660fc11082ba5..., userDataDir: C:\Users\SOHAN\AppData\Loca...}, goog:chromeOptions: {debuggerAddress: localhost:49655}, javascriptEnabled: true, networkConnectionEnabled: false, pageLoadStrategy: normal, platform: WINDOWS, platformName: WINDOWS, proxy: Proxy(), setWindowRect: true, strictFileInteractability: false, timeouts: {implicit: 0, pageLoad: 300000, script: 30000}, unhandledPromptBehavior: dismiss and notify, webauthn:extension:credBlob: true, webauthn:extension:largeBlob: true, webauthn:virtualAuthenticators: true}
Session ID: f64d6fdea66ddc44ef26fe6a47aecce1
at sun.reflect.NativeConstructorAccessorImpl.newInstance0(Native Method)
at sun.reflect.NativeConstructorAccessorImpl.newInstance(Unknown Source)
at sun.reflect.DelegatingConstructorAccessorImpl.newInstance(Unknown Source)
at java.lang.reflect.Constructor.newInstance(Unknown Source)
at org.openqa.selenium.remote.http.W3CHttpResponseCodec.createException(W3CHttpResponseCodec.java:187)
at org.openqa.selenium.remote.http.W3CHttpResponseCodec.decode(W3CHttpResponseCodec.java:122)
at org.openqa.selenium.remote.http.W3CHttpResponseCodec.decode(W3CHttpResponseCodec.java:49)
at org.openqa.selenium.remote.HttpCommandExecutor.execute(HttpCommandExecutor.java:158)
at org.openqa.selenium.remote.service.DriverCommandExecutor.execute(DriverCommandExecutor.java:83)
at org.openqa.selenium.remote.RemoteWebDriver.execute(RemoteWebDriver.java:552)
at org.openqa.selenium.remote.RemoteWebDriver.get(RemoteWebDriver.java:277)
at takeScreenShot.ScreenShot.testScreenshot(ScreenShot.java:20)
at sun.reflect.NativeMethodAccessorImpl.invoke0(Native Method)
at sun.reflect.NativeMethodAccessorImpl.invoke(Unknown Source)
at sun.reflect.DelegatingMethodAccessorImpl.invoke(Unknown Source)
at java.lang.reflect.Method.invoke(Unknown Source)
at org.testng.internal.MethodInvocationHelper.invokeMethod(MethodInvocationHelper.java:133)
at org.testng.internal.TestInvoker.invokeMethod(TestInvoker.java:598)
at org.testng.internal.TestInvoker.invokeTestMethod(TestInvoker.java:173)
at org.testng.internal.MethodRunner.runInSequence(MethodRunner.java:46)
at org.testng.internal.TestInvoker$MethodInvocationAgent.invoke(TestInvoker.java:824)
at org.testng.internal.TestInvoker.invokeTestMethods(TestInvoker.java:146)
at org.testng.internal.TestMethodWorker.invokeTestMethods(TestMethodWorker.java:146)
at org.testng.internal.TestMethodWorker.run(TestMethodWorker.java:128)
at java.util.ArrayList.forEach(Unknown Source)
at org.testng.TestRunner.privateRun(TestRunner.java:794)
at org.testng.TestRunner.run(TestRunner.java:596)
at org.testng.SuiteRunner.runTest(SuiteRunner.java:377)
at org.testng.SuiteRunner.runSequentially(SuiteRunner.java:371)
at org.testng.SuiteRunner.privateRun(SuiteRunner.java:332)
at org.testng.SuiteRunner.run(SuiteRunner.java:276)
at org.testng.SuiteRunnerWorker.runSuite(SuiteRunnerWorker.java:53)
at org.testng.SuiteRunnerWorker.run(SuiteRunnerWorker.java:96)
at org.testng.TestNG.runSuitesSequentially(TestNG.java:1212)
at org.testng.TestNG.runSuitesLocally(TestNG.java:1134)
at org.testng.TestNG.runSuites(TestNG.java:1063)
at org.testng.TestNG.run(TestNG.java:1031)
at org.testng.remote.AbstractRemoteTestNG.run(AbstractRemoteTestNG.java:115)
at org.testng.remote.RemoteTestNG.initAndRun(RemoteTestNG.java:251)
at org.testng.remote.RemoteTestNG.main(RemoteTestNG.java:77)
]]>
            </full-stacktrace>
          </exception> <!-- org.openqa.selenium.WebDriverException -->
          <reporter-output>
          </reporter-output>
        </test-method> <!-- testScreenshot -->
      </class> <!-- takeScreenShot.ScreenShot -->
    </test> <!-- Default test -->
  </suite> <!-- Default suite -->
</testng-results>
